This is pdfeTeX, Version 3.141592-1.21a-2.2 (Web2C 7.5.4) (format=pdflatex 2010.5.17)  30 NOV 2011 17:29
entering extended mode
**informe.tex
(./informe.tex
LaTeX2e <2003/12/01>
Babel <v3.8d> and hyphenation patterns for american, french, german, ngerman, b
ahasa, basque, bulgarian, catalan, croatian, czech, danish, dutch, esperanto, e
stonian, finnish, greek, icelandic, irish, italian, latin, magyar, norsk, polis
h, portuges, romanian, russian, serbian, slovak, slovene, spanish, swedish, tur
kish, ukrainian, nohyphenation, loaded.
(/usr/share/texmf/tex/latex/base/article.cls
Document Class: article 2004/02/16 v1.4f Standard LaTeX document class
(/usr/share/texmf/tex/latex/base/size11.clo
File: size11.clo 2004/02/16 v1.4f Standard LaTeX file (size option)
)
\c@part=\count79
\c@section=\count80
\c@subsection=\count81
\c@subsubsection=\count82
\c@paragraph=\count83
\c@subparagraph=\count84
\c@figure=\count85
\c@table=\count86
\abovecaptionskip=\skip41
\belowcaptionskip=\skip42
\bibindent=\dimen102
)
(/usr/share/texmf/tex/latex/base/inputenc.sty
Package: inputenc 2004/02/05 v1.0d Input encoding file

(/usr/share/texmf/tex/latex/base/utf8.def
File: utf8.def 2004/02/09 v1.1b UTF-8 support for inputenc
Now handling font encoding OML ...
... no UTF-8 mapping file for font encoding OML
Now handling font encoding T1 ...
... processing UTF-8 mapping file for font encoding T1

(/usr/share/texmf/tex/latex/base/t1enc.dfu
File: t1enc.dfu 2004/02/09 v1.1b UTF-8 support for inputenc
   defining Unicode char U+00A1 (decimal 161)
   defining Unicode char U+00A3 (decimal 163)
   defining Unicode char U+00AB (decimal 171)
   defining Unicode char U+00BB (decimal 187)
   defining Unicode char U+00BF (decimal 191)
   defining Unicode char U+00C0 (decimal 192)
   defining Unicode char U+00C1 (decimal 193)
   defining Unicode char U+00C2 (decimal 194)
   defining Unicode char U+00C3 (decimal 195)
   defining Unicode char U+00C4 (decimal 196)
   defining Unicode char U+00C5 (decimal 197)
   defining Unicode char U+00C6 (decimal 198)
   defining Unicode char U+00C7 (decimal 199)
   defining Unicode char U+00C8 (decimal 200)
   defining Unicode char U+00C9 (decimal 201)
   defining Unicode char U+00CA (decimal 202)
   defining Unicode char U+00CB (decimal 203)
   defining Unicode char U+00CC (decimal 204)
   defining Unicode char U+00CD (decimal 205)
   defining Unicode char U+00CE (decimal 206)
   defining Unicode char U+00CF (decimal 207)
   defining Unicode char U+00D0 (decimal 208)
   defining Unicode char U+00D1 (decimal 209)
   defining Unicode char U+00D2 (decimal 210)
   defining Unicode char U+00D3 (decimal 211)
   defining Unicode char U+00D4 (decimal 212)
   defining Unicode char U+00D5 (decimal 213)
   defining Unicode char U+00D6 (decimal 214)
   defining Unicode char U+00D8 (decimal 216)
   defining Unicode char U+00D9 (decimal 217)
   defining Unicode char U+00DA (decimal 218)
   defining Unicode char U+00DB (decimal 219)
   defining Unicode char U+00DC (decimal 220)
   defining Unicode char U+00DD (decimal 221)
   defining Unicode char U+00DE (decimal 222)
   defining Unicode char U+00DF (decimal 223)
   defining Unicode char U+00E0 (decimal 224)
   defining Unicode char U+00E1 (decimal 225)
   defining Unicode char U+00E2 (decimal 226)
   defining Unicode char U+00E3 (decimal 227)
   defining Unicode char U+00E4 (decimal 228)
   defining Unicode char U+00E5 (decimal 229)
   defining Unicode char U+00E6 (decimal 230)
   defining Unicode char U+00E7 (decimal 231)
   defining Unicode char U+00E8 (decimal 232)
   defining Unicode char U+00E9 (decimal 233)
   defining Unicode char U+00EA (decimal 234)
   defining Unicode char U+00EB (decimal 235)
   defining Unicode char U+00EC (decimal 236)
   defining Unicode char U+00ED (decimal 237)
   defining Unicode char U+00EE (decimal 238)
   defining Unicode char U+00EF (decimal 239)
   defining Unicode char U+00F0 (decimal 240)
   defining Unicode char U+00F1 (decimal 241)
   defining Unicode char U+00F2 (decimal 242)
   defining Unicode char U+00F3 (decimal 243)
   defining Unicode char U+00F4 (decimal 244)
   defining Unicode char U+00F5 (decimal 245)
   defining Unicode char U+00F6 (decimal 246)
   defining Unicode char U+00F8 (decimal 248)
   defining Unicode char U+00F9 (decimal 249)
   defining Unicode char U+00FA (decimal 250)
   defining Unicode char U+00FB (decimal 251)
   defining Unicode char U+00FC (decimal 252)
   defining Unicode char U+00FD (decimal 253)
   defining Unicode char U+00FE (decimal 254)
   defining Unicode char U+00FF (decimal 255)
   defining Unicode char U+0102 (decimal 258)
   defining Unicode char U+0103 (decimal 259)
   defining Unicode char U+0104 (decimal 260)
   defining Unicode char U+0105 (decimal 261)
   defining Unicode char U+0106 (decimal 262)
   defining Unicode char U+0107 (decimal 263)
   defining Unicode char U+010C (decimal 268)
   defining Unicode char U+010D (decimal 269)
   defining Unicode char U+010E (decimal 270)
   defining Unicode char U+010F (decimal 271)
   defining Unicode char U+0110 (decimal 272)
   defining Unicode char U+0111 (decimal 273)
   defining Unicode char U+0118 (decimal 280)
   defining Unicode char U+0119 (decimal 281)
   defining Unicode char U+011A (decimal 282)
   defining Unicode char U+011B (decimal 283)
   defining Unicode char U+011E (decimal 286)
   defining Unicode char U+011F (decimal 287)
   defining Unicode char U+0130 (decimal 304)
   defining Unicode char U+0131 (decimal 305)
   defining Unicode char U+0139 (decimal 313)
   defining Unicode char U+013A (decimal 314)
   defining Unicode char U+013D (decimal 317)
   defining Unicode char U+013E (decimal 318)
   defining Unicode char U+0141 (decimal 321)
   defining Unicode char U+0142 (decimal 322)
   defining Unicode char U+0143 (decimal 323)
   defining Unicode char U+0144 (decimal 324)
   defining Unicode char U+0147 (decimal 327)
   defining Unicode char U+0148 (decimal 328)
   defining Unicode char U+014A (decimal 330)
   defining Unicode char U+014B (decimal 331)
   defining Unicode char U+0150 (decimal 336)
   defining Unicode char U+0151 (decimal 337)
   defining Unicode char U+0152 (decimal 338)
   defining Unicode char U+0153 (decimal 339)
   defining Unicode char U+0154 (decimal 340)
   defining Unicode char U+0155 (decimal 341)
   defining Unicode char U+0158 (decimal 344)
   defining Unicode char U+0159 (decimal 345)
   defining Unicode char U+015A (decimal 346)
   defining Unicode char U+015B (decimal 347)
   defining Unicode char U+015E (decimal 350)
   defining Unicode char U+015F (decimal 351)
   defining Unicode char U+0160 (decimal 352)
   defining Unicode char U+0161 (decimal 353)
   defining Unicode char U+0162 (decimal 354)
   defining Unicode char U+0163 (decimal 355)
   defining Unicode char U+0164 (decimal 356)
   defining Unicode char U+0165 (decimal 357)
   defining Unicode char U+016E (decimal 366)
   defining Unicode char U+016F (decimal 367)
   defining Unicode char U+0170 (decimal 368)
   defining Unicode char U+0171 (decimal 369)
   defining Unicode char U+0178 (decimal 376)
   defining Unicode char U+0179 (decimal 377)
   defining Unicode char U+017A (decimal 378)
   defining Unicode char U+017B (decimal 379)
   defining Unicode char U+017C (decimal 380)
   defining Unicode char U+017D (decimal 381)
   defining Unicode char U+017E (decimal 382)
   defining Unicode char U+200C (decimal 8204)
   defining Unicode char U+2013 (decimal 8211)
   defining Unicode char U+2014 (decimal 8212)
   defining Unicode char U+2018 (decimal 8216)
   defining Unicode char U+2019 (decimal 8217)
   defining Unicode char U+201A (decimal 8218)
   defining Unicode char U+201C (decimal 8220)
   defining Unicode char U+201D (decimal 8221)
   defining Unicode char U+201E (decimal 8222)
   defining Unicode char U+2030 (decimal 8240)
   defining Unicode char U+2031 (decimal 8241)
   defining Unicode char U+2039 (decimal 8249)
   defining Unicode char U+203A (decimal 8250)
   defining Unicode char U+2423 (decimal 9251)
)
Now handling font encoding OT1 ...
... processing UTF-8 mapping file for font encoding OT1

(/usr/share/texmf/tex/latex/base/ot1enc.dfu
File: ot1enc.dfu 2004/02/09 v1.1b UTF-8 support for inputenc
   defining Unicode char U+00A1 (decimal 161)
   defining Unicode char U+00A3 (decimal 163)
   defining Unicode char U+00B8 (decimal 184)
   defining Unicode char U+00BF (decimal 191)
   defining Unicode char U+00C5 (decimal 197)
   defining Unicode char U+00C6 (decimal 198)
   defining Unicode char U+00D8 (decimal 216)
   defining Unicode char U+00DF (decimal 223)
   defining Unicode char U+00E6 (decimal 230)
   defining Unicode char U+00EC (decimal 236)
   defining Unicode char U+00ED (decimal 237)
   defining Unicode char U+00EE (decimal 238)
   defining Unicode char U+00EF (decimal 239)
   defining Unicode char U+00F8 (decimal 248)
   defining Unicode char U+0131 (decimal 305)
   defining Unicode char U+0141 (decimal 321)
   defining Unicode char U+0142 (decimal 322)
   defining Unicode char U+0152 (decimal 338)
   defining Unicode char U+0153 (decimal 339)
   defining Unicode char U+2013 (decimal 8211)
   defining Unicode char U+2014 (decimal 8212)
   defining Unicode char U+2018 (decimal 8216)
   defining Unicode char U+2019 (decimal 8217)
   defining Unicode char U+201C (decimal 8220)
   defining Unicode char U+201D (decimal 8221)
)
Now handling font encoding OMS ...
... processing UTF-8 mapping file for font encoding OMS

(/usr/share/texmf/tex/latex/base/omsenc.dfu
File: omsenc.dfu 2004/02/09 v1.1b UTF-8 support for inputenc
   defining Unicode char U+00A7 (decimal 167)
   defining Unicode char U+00B6 (decimal 182)
   defining Unicode char U+02D9 (decimal 729)
   defining Unicode char U+2020 (decimal 8224)
   defining Unicode char U+2021 (decimal 8225)
   defining Unicode char U+2022 (decimal 8226)
)
Now handling font encoding OMX ...
... no UTF-8 mapping file for font encoding OMX
Now handling font encoding U ...
... no UTF-8 mapping file for font encoding U
   defining Unicode char U+00A9 (decimal 169)
   defining Unicode char U+00AA (decimal 170)
   defining Unicode char U+00AE (decimal 174)
   defining Unicode char U+00BA (decimal 186)
   defining Unicode char U+02C6 (decimal 710)
   defining Unicode char U+02CA (decimal 714)
   defining Unicode char U+200C (decimal 8204)
   defining Unicode char U+2026 (decimal 8230)
   defining Unicode char U+2122 (decimal 8482)
   defining Unicode char U+2423 (decimal 9251)
))
(/usr/share/texmf/tex/latex/base/fontenc.sty
Package: fontenc 2004/02/22 v1.99f Standard LaTeX package

(/usr/share/texmf/tex/latex/base/t1enc.def
File: t1enc.def 2004/02/22 v1.99f Standard LaTeX file
LaTeX Font Info:    Redeclaring font encoding T1 on input line 43.
))
(/usr/share/texmf/tex/latex/graphics/graphicx.sty
Package: graphicx 1999/02/16 v1.0f Enhanced LaTeX Graphics (DPC,SPQR)

(/usr/share/texmf/tex/latex/graphics/keyval.sty
Package: keyval 1999/03/16 v1.13 key=value parser (DPC)
\KV@toks@=\toks14
)
(/usr/share/texmf/tex/latex/graphics/graphics.sty
Package: graphics 2001/07/07 v1.0n Standard LaTeX Graphics (DPC,SPQR)

(/usr/share/texmf/tex/latex/graphics/trig.sty
Package: trig 1999/03/16 v1.09 sin cos tan (DPC)
)
(/usr/share/texmf/tex/latex/graphics/graphics.cfg
File: graphics.cfg 2005/02/03 v1.3 graphics configuration of teTeX/TeXLive
)
Package graphics Info: Driver file: pdftex.def on input line 80.

(/usr/share/texmf/tex/latex/graphics/pdftex.def
File: pdftex.def 2002/06/19 v0.03k graphics/color for pdftex
\Gread@gobject=\count87
))
\Gin@req@height=\dimen103
\Gin@req@width=\dimen104
)
(/usr/share/texmf/tex/latex/tools/longtable.sty
Package: longtable 2004/02/01 v4.11 Multi-page Table package (DPC)
\LTleft=\skip43
\LTright=\skip44
\LTpre=\skip45
\LTpost=\skip46
\LTchunksize=\count88
\LTcapwidth=\dimen105
\LT@head=\box26
\LT@firsthead=\box27
\LT@foot=\box28
\LT@lastfoot=\box29
\LT@cols=\count89
\LT@rows=\count90
\c@LT@tables=\count91
\c@LT@chunks=\count92
\LT@p@ftn=\toks15
)
(/usr/share/texmf/tex/latex/float/float.sty
Package: float 2001/11/08 v1.3d Float enhancements (AL)
\c@float@type=\count93
\float@exts=\toks16
\float@box=\box30
\@float@everytoks=\toks17
\@floatcapt=\box31
)
(/usr/share/texmf/tex/latex/wrapfig/wrapfig.sty
\wrapoverhang=\dimen106
\WF@size=\dimen107
\c@WF@wrappedlines=\count94
\WF@box=\box32
\WF@everypar=\toks18
Package: wrapfig 2003/01/31  v 3.6
)
(/usr/share/texmf/tex/latex/soul/soul.sty
Package: soul 2003/11/17 v2.4 letterspacing/underlining (mf)
\SOUL@word=\toks19
\SOUL@lasttoken=\toks20
\SOUL@cmds=\toks21
\SOUL@buffer=\toks22
\SOUL@token=\toks23
\SOUL@spaceskip=\skip47
\SOUL@ttwidth=\dimen108
\SOUL@uldp=\dimen109
\SOUL@ulht=\dimen110
)
(/usr/share/texmf/tex/latex/amsfonts/amssymb.sty
Package: amssymb 2002/01/22 v2.2d

(/usr/share/texmf/tex/latex/amsfonts/amsfonts.sty
Package: amsfonts 2001/10/25 v2.2f
\@emptytoks=\toks24
\symAMSa=\mathgroup4
\symAMSb=\mathgroup5
LaTeX Font Info:    Overwriting math alphabet `\mathfrak' in version `bold'
(Font)                  U/euf/m/n --> U/euf/b/n on input line 132.
))
(/usr/share/texmf/tex/latex/hyperref/hyperref.sty
Package: hyperref 2003/11/30 v6.74m Hypertext links for LaTeX
\@linkdim=\dimen111
\Hy@linkcounter=\count95
\Hy@pagecounter=\count96

(/usr/share/texmf/tex/latex/hyperref/pd1enc.def
File: pd1enc.def 2003/11/30 v6.74m Hyperref: PDFDocEncoding definition (HO)
Now handling font encoding PD1 ...
... no UTF-8 mapping file for font encoding PD1
)
(/usr/share/texmf/tex/latex/hyperref/hyperref.cfg
File: hyperref.cfg 2002/06/06 v1.2 hyperref configuration of TeXLive and teTeX
)
Package hyperref Info: Hyper figures OFF on input line 1880.
Package hyperref Info: Link nesting OFF on input line 1885.
Package hyperref Info: Hyper index ON on input line 1888.
Package hyperref Info: Plain pages ON on input line 1893.
Package hyperref Info: Backreferencing OFF on input line 1900.

Implicit mode ON; LaTeX internals redefined
Package hyperref Info: Bookmarks ON on input line 2004.
(/usr/share/texmf/tex/latex/url/url.sty
\Urlmuskip=\muskip10
Package: url 2004/03/15  ver 3.1  Verb mode for urls, etc.
)
LaTeX Info: Redefining \url on input line 2143.
\Fld@menulength=\count97
\Field@Width=\dimen112
\Fld@charsize=\dimen113
\Choice@toks=\toks25
\Field@toks=\toks26
Package hyperref Info: Hyper figures OFF on input line 2618.
Package hyperref Info: Link nesting OFF on input line 2623.
Package hyperref Info: Hyper index ON on input line 2626.
Package hyperref Info: backreferencing OFF on input line 2633.
Package hyperref Info: Link coloring OFF on input line 2638.
\c@Item=\count98
\c@Hfootnote=\count99
)
*hyperref using default driver hpdftex*
(/usr/share/texmf/tex/latex/hyperref/hpdftex.def
File: hpdftex.def 2003/11/30 v6.74m Hyperref driver for pdfTeX

(/usr/share/texmf/tex/latex/psnfss/pifont.sty
Package: pifont 2004/09/15 PSNFSS-v9.2 Pi font support (SPQR) 
LaTeX Font Info:    Try loading font information for U+pzd on input line 63.

(/usr/share/texmf/tex/latex/psnfss/upzd.fd
File: upzd.fd 2001/06/04 font definitions for U/pzd.
)
LaTeX Font Info:    Try loading font information for U+psy on input line 64.

(/usr/share/texmf/tex/latex/psnfss/upsy.fd
File: upsy.fd 2001/06/04 font definitions for U/psy.
))
\Fld@listcount=\count100
\@outlinefile=\write3
)
(/usr/share/texmf/tex/generic/babel/babel.sty
Package: babel 2004/11/20 v3.8d The Babel package

(/usr/share/texmf/tex/generic/babel/spanish.ldf
Language: spanish.ldf 2004/02/20 v4.2b Spanish support from the babel system

(/usr/share/texmf/tex/generic/babel/babel.def
File: babel.def 2004/11/20 v3.8d Babel common definitions
\babel@savecnt=\count101
\U@D=\dimen114
)
\es@quottoks=\toks27
\es@quotdepth=\count102
Package babel Info: Making . an active character on input line 509.
Package babel Info: Making " an active character on input line 540.
Package babel Info: Making < an active character on input line 641.
Package babel Info: Making > an active character on input line 642.
))
(/usr/share/texmf/tex/latex/psnfss/bookman.sty
Package: bookman 2004/09/15 PSNFSS-v9.2 (SPQR) 
)
(/usr/share/texmf/tex/latex/geometry/geometry.sty
Package: geometry 2002/07/08 v3.2 Page Geometry
\Gm@cnth=\count103
\Gm@cntv=\count104
\c@Gm@tempcnt=\count105
\Gm@bindingoffset=\dimen115
\Gm@wd@mp=\dimen116
\Gm@odd@mp=\dimen117
\Gm@even@mp=\dimen118
\Gm@dimlist=\toks28

(/usr/share/texmf/tex/latex/geometry/geometry.cfg))
(/usr/share/texmf/tex/latex/listings/listings.sty
\lst@mode=\count106
\lst@gtempboxa=\box33
\lst@token=\toks29
\lst@length=\count107
\lst@currlwidth=\dimen119
\lst@column=\count108
\lst@pos=\count109
\lst@lostspace=\dimen120
\lst@width=\dimen121
\lst@newlines=\count110
\lst@lineno=\count111
\c@lstlisting=\count112
\lst@maxwidth=\dimen122

(/usr/share/texmf/tex/latex/listings/lstpatch.sty
File: lstpatch.sty 2004/10/17 1.3b (Carsten Heinz)
)
(/usr/share/texmf/tex/latex/listings/lstmisc.sty
File: lstmisc.sty 2004/09/07 1.3 (Carsten Heinz)
\c@lstnumber=\count113
\lst@skipnumbers=\count114
\lst@framebox=\box34
)
(/usr/share/texmf/tex/latex/listings/listings.cfg
File: listings.cfg 2004/09/05 1.3 listings configuration
))
Package: listings 2004/10/17 1.3b (Carsten Heinz)

(/usr/share/texmf/tex/latex/multirow/multirow.sty
\bigstrutjot=\dimen123
)
(/usr/share/texmf/tex/latex/fancyhdr/fancyhdr.sty
\fancy@headwidth=\skip48
\f@ncyO@elh=\skip49
\f@ncyO@erh=\skip50
\f@ncyO@olh=\skip51
\f@ncyO@orh=\skip52
\f@ncyO@elf=\skip53
\f@ncyO@erf=\skip54
\f@ncyO@olf=\skip55
\f@ncyO@orf=\skip56
)
(/usr/share/texmf/tex/latex/comment/comment.sty
\CommentStream=\write4
 Excluding comment 'comment')
(/usr/share/texmf/tex/latex/graphics/color.sty
Package: color 1999/02/16 v1.0i Standard LaTeX Color (DPC)

(/usr/share/texmf/tex/latex/graphics/color.cfg
File: color.cfg 2005/02/03 v1.3 color configuration of teTeX/TeXLive
)
Package color Info: Driver file: pdftex.def on input line 125.
)
(/usr/share/texmf/tex/latex/tools/multicol.sty
Package: multicol 2004/02/14 v1.6e multicolumn formatting (FMi)
\c@tracingmulticols=\count115
\mult@box=\box35
\multicol@leftmargin=\dimen124
\c@unbalance=\count116
\c@collectmore=\count117
\doublecol@number=\count118
\multicoltolerance=\count119
\multicolpretolerance=\count120
\full@width=\dimen125
\page@free=\dimen126
\premulticols=\dimen127
\postmulticols=\dimen128
\multicolsep=\skip57
\multicolbaselineskip=\skip58
\partial@page=\box36
\last@line=\box37
\mult@rightbox=\box38
\mult@grightbox=\box39
\mult@gfirstbox=\box40
\mult@firstbox=\box41
\@tempa=\box42
\@tempa=\box43
\@tempa=\box44
\@tempa=\box45
\@tempa=\box46
\@tempa=\box47
\@tempa=\box48
\@tempa=\box49
\@tempa=\box50
\@tempa=\box51
\@tempa=\box52
\@tempa=\box53
\@tempa=\box54
\@tempa=\box55
\@tempa=\box56
\@tempa=\box57
\@tempa=\box58
\c@columnbadness=\count121
\c@finalcolumnbadness=\count122
\last@try=\dimen129
\multicolovershoot=\dimen130
\multicolundershoot=\dimen131
\mult@nat@firstbox=\box59
\colbreak@box=\box60
)
(/usr/share/texmf/tex/latex/xcolor/xcolor.sty
Package: xcolor 2004/07/04 v2.00 LaTeX color extensions (UK)

(/usr/share/texmf/tex/latex/graphics/color.cfg
File: color.cfg 2005/02/03 v1.3 color configuration of teTeX/TeXLive
)
Package xcolor Info: Driver file: pdftex.def on input line 136.

(/usr/share/texmf/tex/latex/carlisle/colortbl.sty
Package: colortbl 2001/02/13 v0.1j Color table columns (DPC)

(/usr/share/texmf/tex/latex/tools/array.sty
Package: array 2003/12/17 v2.4a Tabular extension package (FMi)
\col@sep=\dimen132
\extrarowheight=\dimen133
\NC@list=\toks30
\extratabsurround=\skip59
\backup@length=\skip60
)
\everycr=\toks31
\minrowclearance=\skip61
)
LaTeX Info: Redefining \color on input line 494.
Package xcolor Info: Color model `cmy' added on input line 972.
Package xcolor Info: Color model `hsb' added on input line 980.
Package xcolor Info: Color model `HTML' added on input line 1000.
Package xcolor Info: Color model `HSB' added on input line 1006.
Package xcolor Info: Color model `Gray' added on input line 1012.
)
(/usr/share/texmf/tex/latex/ulem/ulem.sty
\UL@box=\box61
\UL@hyphenbox=\box62
\UL@skip=\skip62
\UL@hook=\toks32
\UL@pe=\count123
\UL@pixel=\dimen134
\ULC@box=\box63
Package: ulem 2000/05/26
\ULdepth=\dimen135
) (./informe.aux)
\openout1 = `informe.aux'.

LaTeX Font Info:    Checking defaults for OML/cmm/m/it on input line 27.
LaTeX Font Info:    ... okay on input line 27.
LaTeX Font Info:    Checking defaults for T1/cmr/m/n on input line 27.
LaTeX Font Info:    ... okay on input line 27.
LaTeX Font Info:    Checking defaults for OT1/cmr/m/n on input line 27.
LaTeX Font Info:    ... okay on input line 27.
LaTeX Font Info:    Checking defaults for OMS/cmsy/m/n on input line 27.
LaTeX Font Info:    ... okay on input line 27.
LaTeX Font Info:    Checking defaults for OMX/cmex/m/n on input line 27.
LaTeX Font Info:    ... okay on input line 27.
LaTeX Font Info:    Checking defaults for U/cmr/m/n on input line 27.
LaTeX Font Info:    ... okay on input line 27.
LaTeX Font Info:    Checking defaults for PD1/pdf/m/n on input line 27.
LaTeX Font Info:    ... okay on input line 27.
LaTeX Font Info:    Try loading font information for T1+pbk on input line 27.

(/usr/share/texmf/tex/latex/psnfss/t1pbk.fd
File: t1pbk.fd 2001/06/04 font definitions for T1/pbk.
)
LaTeX Font Info:    Font shape `T1/pbk/m/n' in size <10.95> not available
(Font)              Font shape `T1/pbk/l/n' tried instead on input line 27.

(/usr/share/texmf/tex/context/base/supp-pdf.tex
(/usr/share/texmf/tex/context/base/supp-mis.tex
loading : Context Support Macros / Miscellaneous (2004.10.26)
\protectiondepth=\count124
\scratchcounter=\count125
\scratchtoks=\toks33
\scratchdimen=\dimen136
\scratchskip=\skip63
\scratchmuskip=\muskip11
\scratchbox=\box64
\scratchread=\read1
\scratchwrite=\write5
\zeropoint=\dimen137
\onepoint=\dimen138
\onebasepoint=\dimen139
\minusone=\count126
\thousandpoint=\dimen140
\onerealpoint=\dimen141
\emptytoks=\toks34
\nextbox=\box65
\nextdepth=\dimen142
\everyline=\toks35
\!!counta=\count127
\!!countb=\count128
\recursecounter=\count129
)
loading : Context Support Macros / PDF (2004.03.26)
\nofMPsegments=\count130
\nofMParguments=\count131
\MPscratchCnt=\count132
\MPscratchDim=\dimen143
\MPnumerator=\count133
\everyMPtoPDFconversion=\toks36
)
Package hyperref Info: Link coloring OFF on input line 27.
 (/usr/share/texmf/tex/latex/hyperref/nameref.sty
Package: nameref 2003/12/03 v2.21 Cross-referencing by name of section
\c@section@level=\count134
)
LaTeX Info: Redefining \ref on input line 27.
LaTeX Info: Redefining \pageref on input line 27.
 (./informe.out)
(./informe.out)
\openout3 = `informe.out'.

-------------------- Geometry parameters
paper: class default
landscape: --
twocolumn: --
twoside: --
asymmetric: --
h-parts: 85.35826pt, 472.03123pt, 56.9055pt
v-parts: 85.35826pt, 681.15898pt, 28.45274pt
hmarginratio: --
vmarginratio: --
lines: --
heightrounded: --
bindingoffset: 0.0pt
truedimen: --
includehead: --
includefoot: true
includemp: --
driver: pdftex
-------------------- Page layout dimensions and switches
\paperwidth  614.295pt
\paperheight 794.96999pt
\textwidth  472.03123pt
\textheight 651.15898pt
\oddsidemargin  13.08827pt
\evensidemargin 13.08827pt
\topmargin  -54.59085pt
\headheight 42.67912pt
\headsep    25.0pt
\footskip   30.0pt
\marginparwidth 59.0pt
\marginparsep   10.0pt
\columnsep  10.0pt
\skip\footins  10.0pt plus 4.0pt minus 2.0pt
\hoffset 0.0pt
\voffset 0.0pt
\mag 1000

(1in=72.27pt, 1cm=28.45pt)
-----------------------
\rownum=\count135
LaTeX Font Info:    Font shape `T1/pbk/m/n' in size <14.4> not available
(Font)              Font shape `T1/pbk/l/n' tried instead on input line 66.
LaTeX Font Info:    Font shape `T1/pbk/bx/n' in size <14.4> not available
(Font)              Font shape `T1/pbk/b/n' tried instead on input line 66.
LaTeX Font Info:    Font shape `T1/pbk/b/n' in size <14.4> not available
(Font)              Font shape `T1/pbk/db/n' tried instead on input line 66.
 (./informe.toc
LaTeX Font Info:    Font shape `T1/pbk/bx/n' in size <10.95> not available
(Font)              Font shape `T1/pbk/b/n' tried instead on input line 2.
LaTeX Font Info:    Font shape `T1/pbk/b/n' in size <10.95> not available
(Font)              Font shape `T1/pbk/db/n' tried instead on input line 2.
LaTeX Font Info:    Try loading font information for U+msa on input line 8.
 (/usr/share/texmf/tex/latex/amsfonts/umsa.fd
File: umsa.fd 2002/01/19 v2.2g AMS font definitions
)
LaTeX Font Info:    Try loading font information for U+msb on input line 8.

(/usr/share/texmf/tex/latex/amsfonts/umsb.fd
File: umsb.fd 2002/01/19 v2.2g AMS font definitions
)
Overfull \hbox (1.75185pt too wide) detected at line 15
\T1/pbk/db/n/10.95 10. 
 []


Overfull \hbox (1.75185pt too wide) detected at line 16
\T1/pbk/db/n/10.95 11. 
 []

)
\tf@toc=\write6
\openout6 = `informe.toc'.

 <Logo-fiuba.png, id=67, 186.2157pt x 186.2157pt>
File: Logo-fiuba.png Graphic file (type png)
 <use Logo-fiuba.png>
LaTeX Font Info:    Font shape `T1/pbk/m/n' in size <24.88> not available
(Font)              Font shape `T1/pbk/l/n' tried instead on input line 67.


Package Fancyhdr Warning: \headheight is too small (42.67912pt): 
 Make it at least 51.67819pt.
 We now make it that large for the rest of the document.
 This may cause the page layout to be inconsistent, however.

[1{/usr/share/texmf-var/fonts/map/pdftex/updmap/pdftex.map}

 <./Logo-fiuba.png>]
Warning: /usr/share/texmf/bin/pdflatex (file SegundoProyecto.pdf): pdf inclusio
n: found pdf version <1.5>, but at most version <1.4> allowed
<SegundoProyecto.pdf, id=101, 597.50829pt x 845.0471pt>
File: SegundoProyecto.pdf Graphic file (type pdf)

<use SegundoProyecto.pdf>
Warning: /usr/share/texmf/bin/pdflatex (file SegundoProyecto.pdf): pdf inclusio
n: found pdf version <1.5>, but at most version <1.4> allowed
<SegundoProyecto.pdf, id=103, page=2, 597.50829pt x 845.0471pt>
File: SegundoProyecto.pdf Graphic file (type pdf)

<use SegundoProyecto.pdf, page 2>
Overfull \hbox (18.89374pt too wide) in paragraph at lines 74--76
 [] 
 []


Overfull \hbox (18.89374pt too wide) in paragraph at lines 74--76
 [] 
 []

File: Logo-fiuba.png Graphic file (type png)
<use Logo-fiuba.png> [2 <./SegundoProyecto.pdf>]
File: Logo-fiuba.png Graphic file (type png)
 <use Logo-fiuba.png> [3 <./SegundoProyecto.pdf>]

! LaTeX Error: Lonely \item--perhaps a missing list environment.

See the LaTeX manual or LaTeX Companion for explanation.
Type  H <return>  for immediate help.
 ...                                              
                                                  
l.95 
     
Try typing  <return>  to proceed.
If that doesn't work, type  X <return>  to quit.


Underfull \hbox (badness 10000) detected at line 95
[][]
 []

File: Logo-fiuba.png Graphic file (type png)
<use Logo-fiuba.png> [4]
LaTeX Font Info:    Font shape `T1/pbk/m/it' in size <10.95> not available
(Font)              Font shape `T1/pbk/l/it' tried instead on input line 128.
 (/usr/share/texmf/tex/latex/listings/lstlang1.sty
File: lstlang1.sty 2004/09/05 1.3 listings language file
)
(/usr/share/texmf/tex/latex/listings/lstmisc.sty
File: lstmisc.sty 2004/09/07 1.3 (Carsten Heinz)
)
LaTeX Font Info:    Font shape `T1/pbk/m/n' in size <10> not available
(Font)              Font shape `T1/pbk/l/n' tried instead on input line 139.
LaTeX Font Info:    Try loading font information for T1+pcr on input line 139.

(/usr/share/texmf/tex/latex/psnfss/t1pcr.fd
File: t1pcr.fd 2001/06/04 font definitions for T1/pcr.
)
LaTeX Font Info:    Font shape `T1/pbk/m/n' in size <6> not available
(Font)              Font shape `T1/pbk/l/n' tried instead on input line 140.
LaTeX Font Info:    Font shape `T1/pcr/bx/n' in size <10> not available
(Font)              Font shape `T1/pcr/b/n' tried instead on input line 140.
LaTeX Font Info:    Font shape `T1/pbk/m/n' in size <12> not available
(Font)              Font shape `T1/pbk/l/n' tried instead on input line 162.
LaTeX Font Info:    Font shape `T1/pbk/bx/n' in size <12> not available
(Font)              Font shape `T1/pbk/b/n' tried instead on input line 162.
LaTeX Font Info:    Font shape `T1/pbk/b/n' in size <12> not available
(Font)              Font shape `T1/pbk/db/n' tried instead on input line 162.
File: Logo-fiuba.png Graphic file (type png)
 <use Logo-fiuba.png> [5]
Underfull \hbox (badness 10000) in paragraph at lines 191--192

 []


Underfull \hbox (badness 10000) in paragraph at lines 192--194

 []


Underfull \hbox (badness 10000) in paragraph at lines 194--195

 []


Underfull \hbox (badness 10000) in paragraph at lines 195--197

 []


Underfull \hbox (badness 10000) in paragraph at lines 197--198

 []

File: Logo-fiuba.png Graphic file (type png)
<use Logo-fiuba.png> [6]
<CasosUsoCliente.jpg, id=180, 662.475pt x 521.69907pt>
File: CasosUsoCliente.jpg Graphic file (type jpg)

<use CasosUsoCliente.jpg>

Package hyperref Warning: Difference (2) between bookmark levels is greater 
(hyperref)                than one, level fixed on input line 211.

! Misplaced \noalign.
\rowcolor ->\noalign 
                     {\ifnum 0=`}\fi \global \let \CT@do@color \CT@@do@color...
l.216 ...\multicolumn{2}{|l|}{\rowcolor[gray]{.5}}
                                                   \\
I expect to see \noalign only after the \cr of
an alignment. Proceed, and I'll ignore this case.

! Misplaced \noalign.
\rowcolor ->\noalign 
                     {\ifnum 0=`}\fi \global \let \CT@do@color \CT@@do@color...
l.230 ...\multicolumn{2}{|l|}{\rowcolor[gray]{.5}}
                                                   \\
I expect to see \noalign only after the \cr of
an alignment. Proceed, and I'll ignore this case.

! Misplaced \noalign.
\rowcolor ->\noalign 
                     {\ifnum 0=`}\fi \global \let \CT@do@color \CT@@do@color...
l.266 ...\multicolumn{2}{|l|}{\rowcolor[gray]{.5}}
                                                   \\
I expect to see \noalign only after the \cr of
an alignment. Proceed, and I'll ignore this case.


Underfull \hbox (badness 10000) in paragraph at lines 212--275

 []

File: Logo-fiuba.png Graphic file (type png)
<use Logo-fiuba.png> [7 <./CasosUsoCliente.jpg>]
! Misplaced \noalign.
\rowcolor ->\noalign 
                     {\ifnum 0=`}\fi \global \let \CT@do@color \CT@@do@color...
l.280 ...\multicolumn{2}{|l|}{\rowcolor[gray]{.5}}
                                                   \\
I expect to see \noalign only after the \cr of
an alignment. Proceed, and I'll ignore this case.

! Misplaced \noalign.
\rowcolor ->\noalign 
                     {\ifnum 0=`}\fi \global \let \CT@do@color \CT@@do@color...
l.294 ...\multicolumn{2}{|l|}{\rowcolor[gray]{.5}}
                                                   \\
I expect to see \noalign only after the \cr of
an alignment. Proceed, and I'll ignore this case.

! Misplaced \noalign.
\rowcolor ->\noalign 
                     {\ifnum 0=`}\fi \global \let \CT@do@color \CT@@do@color...
l.331 ...\multicolumn{2}{|l|}{\rowcolor[gray]{.5}}
                                                   \\
I expect to see \noalign only after the \cr of
an alignment. Proceed, and I'll ignore this case.


Underfull \hbox (badness 10000) in paragraph at lines 276--339

 []

File: Logo-fiuba.png Graphic file (type png)
<use Logo-fiuba.png> [8]
! Misplaced \noalign.
\rowcolor ->\noalign 
                     {\ifnum 0=`}\fi \global \let \CT@do@color \CT@@do@color...
l.344 ...\multicolumn{2}{|l|}{\rowcolor[gray]{.5}}
                                                   \\
I expect to see \noalign only after the \cr of
an alignment. Proceed, and I'll ignore this case.

! Misplaced \noalign.
\rowcolor ->\noalign 
                     {\ifnum 0=`}\fi \global \let \CT@do@color \CT@@do@color...
l.358 ...\multicolumn{2}{|l|}{\rowcolor[gray]{.5}}
                                                   \\
I expect to see \noalign only after the \cr of
an alignment. Proceed, and I'll ignore this case.

! Misplaced \noalign.
\rowcolor ->\noalign 
                     {\ifnum 0=`}\fi \global \let \CT@do@color \CT@@do@color...
l.391 ...\multicolumn{2}{|l|}{\rowcolor[gray]{.5}}
                                                   \\
I expect to see \noalign only after the \cr of
an alignment. Proceed, and I'll ignore this case.


Underfull \hbox (badness 10000) in paragraph at lines 340--399

 []

File: Logo-fiuba.png Graphic file (type png)
<use Logo-fiuba.png> [9]
! Misplaced \noalign.
\rowcolor ->\noalign 
                     {\ifnum 0=`}\fi \global \let \CT@do@color \CT@@do@color...
l.404 ...\multicolumn{2}{|l|}{\rowcolor[gray]{.5}}
                                                   \\
I expect to see \noalign only after the \cr of
an alignment. Proceed, and I'll ignore this case.

! Misplaced \noalign.
\rowcolor ->\noalign 
                     {\ifnum 0=`}\fi \global \let \CT@do@color \CT@@do@color...
l.418 ...\multicolumn{2}{|l|}{\rowcolor[gray]{.5}}
                                                   \\
I expect to see \noalign only after the \cr of
an alignment. Proceed, and I'll ignore this case.

! Misplaced \noalign.
\rowcolor ->\noalign 
                     {\ifnum 0=`}\fi \global \let \CT@do@color \CT@@do@color...
l.448 ...\multicolumn{2}{|l|}{\rowcolor[gray]{.5}}
                                                   \\
I expect to see \noalign only after the \cr of
an alignment. Proceed, and I'll ignore this case.


Underfull \hbox (badness 10000) in paragraph at lines 400--456

 []

File: Logo-fiuba.png Graphic file (type png)
<use Logo-fiuba.png> [10]
File: Logo-fiuba.png Graphic file (type png)
 <use Logo-fiuba.png> [11]
<ClasesCliente.jpg, id=202, 840.89156pt x 548.0475pt>
File: ClasesCliente.jpg Graphic file (type jpg)
 <use ClasesCliente.jpg>
Overfull \hbox (9.47083pt too wide) in paragraph at lines 479--480
 [] 
 []

<ClasesGestor.jpg, id=203, 1057.70157pt x 805.50937pt>
File: ClasesGestor.jpg Graphic file (type jpg)
 <use ClasesGestor.jpg>
Overfull \hbox (9.4416pt too wide) in paragraph at lines 488--489
 [] 
 []

File: Logo-fiuba.png Graphic file (type png)
<use Logo-fiuba.png> [12 <./ClasesCliente.jpg>]
File: Logo-fiuba.png Graphic file (type png)
 <use Logo-fiuba.png> [13 <./ClasesGestor.jpg>]
Underfull \hbox (badness 10000) in paragraph at lines 508--511

 []


Underfull \hbox (badness 10000) in paragraph at lines 508--511

 []

File: Logo-fiuba.png Graphic file (type png)
<use Logo-fiuba.png> [14] (./informe.aux) ) 
Here is how much of TeX's memory you used:
 7134 strings out of 94500
 89924 string characters out of 1176766
 162576 words of memory out of 1000000
 10112 multiletter control sequences out of 10000+50000
 25847 words of font info for 63 fonts, out of 500000 for 2000
 580 hyphenation exceptions out of 1000
 41i,16n,61p,248b,1227s stack positions out of 1500i,500n,5000p,200000b,5000s
PDF statistics:
 216 PDF objects out of 300000
 39 named destinations out of 131072
 179 words of extra memory for PDF output out of 65536
{/usr/share/texmf/fonts/enc/dvips/ps
nfss/8r.enc}</usr/share/texmf/fonts/type1/urw/courier/ucrr8a.pfb></usr/share/te
xmf/fonts/type1/urw/courier/ucrb8a.pfb></usr/share/texmf/fonts/type1/urw/bookma
n/ubkli8a.pfb></usr/share/texmf/fonts/type1/bluesky/cm/cmtt10.pfb></usr/share/t
exmf/fonts/type1/bluesky/cm/cmss10.pfb></usr/share/texmf/fonts/type1/bluesky/cm
/cmssbx10.pfb></usr/share/texmf/fonts/type1/bluesky/cm/cmss12.pfb></usr/share/t
exmf/fonts/type1/bluesky/cm/cmss17.pfb></usr/share/texmf/fonts/type1/bluesky/cm
/cmmi8.pfb></usr/share/texmf/fonts/type1/bluesky/cm/cmr10.pfb></usr/share/texmf
/fonts/type1/urw/bookman/ubkd8a.pfb></usr/share/texmf/fonts/type1/urw/bookman/u
bkl8a.pfb>
Output written on informe.pdf (14 pages, 541580 bytes).
